<?xml version="1.0" encoding="UTF-8"?>
<!-- Generated by org.testng.reporters.JUnitReportReporter -->
<testsuite skipped="0" hostname="DESKTOP-8HHAR7I" name="com.training.functional.tests.addMemberFromExcel_Invalid" tests="3" failures="0" timestamp="10 Feb 2019 08:46:02 GMT" time="102.692" errors="0">
  <testcase name="cytc_061" time="33.994" classname="com.training.functional.tests.addMemberFromExcel_Invalid"/>
  <testcase name="cytc_061" time="34.184" classname="com.training.functional.tests.addMemberFromExcel_Invalid"/>
  <testcase name="cytc_061" time="34.514" classname="com.training.functional.tests.addMemberFromExcel_Invalid"/>
</testsuite> <!-- com.training.functional.tests.addMemberFromExcel_Invalid -->
