<?xml version="1.0" encoding="UTF-8"?>
<!-- Generated by org.testng.reporters.JUnitReportReporter -->
<testsuite skipped="0" hostname="DESKTOP-8HHAR7I" name="com.training.functional.tests.CYTC_002" tests="1" failures="0" timestamp="24 Jan 2019 06:05:39 GMT" time="18.427" errors="0">
  <testcase name="cytc_002" time="18.427" classname="com.training.functional.tests.CYTC_002"/>
</testsuite> <!-- com.training.functional.tests.CYTC_002 -->
