<?xml version="1.0" encoding="UTF-8"?>
<!-- Generated by org.testng.reporters.JUnitReportReporter -->
<testsuite skipped="0" hostname="DESKTOP-8HHAR7I" name="com.training.functional.tests.CYTC_001" tests="1" failures="0" timestamp="04 Feb 2019 07:13:15 GMT" time="37.096" errors="0">
  <testcase name="cytc_001" time="37.096" classname="com.training.functional.tests.CYTC_001"/>
</testsuite> <!-- com.training.functional.tests.CYTC_001 -->
