<?xml version="1.0" encoding="UTF-8"?>
<!-- Generated by org.testng.reporters.JUnitReportReporter -->
<testsuite skipped="0" hostname="DESKTOP-8HHAR7I" name="com.training.functional.tests.CYTC_005" tests="1" failures="0" timestamp="24 Jan 2019 06:05:39 GMT" time="22.745" errors="0">
  <testcase name="cytc_005" time="22.745" classname="com.training.functional.tests.CYTC_005"/>
</testsuite> <!-- com.training.functional.tests.CYTC_005 -->
