<?xml version="1.0" encoding="UTF-8"?>
<!-- Generated by org.testng.reporters.JUnitReportReporter -->
<testsuite skipped="0" hostname="DESKTOP-8HHAR7I" name="com.training.functional.tests.giveAccessToMultipleUsers" tests="3" failures="0" timestamp="11 Feb 2019 11:26:35 GMT" time="26.391" errors="0">
  <testcase name="cytc_003" time="8.565" classname="com.training.functional.tests.giveAccessToMultipleUsers"/>
  <testcase name="cytc_003" time="9.146" classname="com.training.functional.tests.giveAccessToMultipleUsers"/>
  <testcase name="cytc_003" time="8.680" classname="com.training.functional.tests.giveAccessToMultipleUsers"/>
</testsuite> <!-- com.training.functional.tests.giveAccessToMultipleUsers -->
