<?xml version="1.0" encoding="UTF-8"?>
<!-- Generated by org.testng.reporters.JUnitReportReporter -->
<testsuite skipped="0" hostname="DESKTOP-8HHAR7I" name="com.training.functional.tests.CYTC_003" tests="1" failures="0" timestamp="24 Jan 2019 06:05:39 GMT" time="21.773" errors="0">
  <testcase name="cytc_003" time="21.773" classname="com.training.functional.tests.CYTC_003"/>
</testsuite> <!-- com.training.functional.tests.CYTC_003 -->
