<?xml version="1.0" encoding="UTF-8"?>
<!-- Generated by org.testng.reporters.JUnitReportReporter -->
<testsuite skipped="0" hostname="DESKTOP-8HHAR7I" name="com.training.functional.tests.CYTC_005" tests="1" failures="0" timestamp="04 Feb 2019 07:13:15 GMT" time="32.176" errors="0">
  <testcase name="cytc_005" time="32.176" classname="com.training.functional.tests.CYTC_005"/>
</testsuite> <!-- com.training.functional.tests.CYTC_005 -->
