<?xml version="1.0" encoding="UTF-8"?>
<!-- Generated by org.testng.reporters.JUnitReportReporter -->
<testsuite skipped="0" hostname="DESKTOP-8HHAR7I" name="com.training.functional.tests.CYTC_033" tests="1" failures="0" timestamp="01 Feb 2019 07:50:25 GMT" time="29.469" errors="0">
  <testcase name="cytc_033" time="29.469" classname="com.training.functional.tests.CYTC_033"/>
</testsuite> <!-- com.training.functional.tests.CYTC_033 -->
