<?xml version="1.0" encoding="UTF-8"?>
<!-- Generated by org.testng.reporters.JUnitReportReporter -->
<testsuite skipped="0" hostname="DESKTOP-8HHAR7I" name="com.training.functional.tests.giveAccessToMember_ExcelData" tests="3" failures="0" timestamp="10 Feb 2019 10:18:28 GMT" time="123.503" errors="0">
  <testcase name="cytc_064" time="41.083" classname="com.training.functional.tests.giveAccessToMember_ExcelData"/>
  <testcase name="cytc_064" time="40.858" classname="com.training.functional.tests.giveAccessToMember_ExcelData"/>
  <testcase name="cytc_064" time="41.562" classname="com.training.functional.tests.giveAccessToMember_ExcelData"/>
</testsuite> <!-- com.training.functional.tests.giveAccessToMember_ExcelData -->
