<?xml version="1.0" encoding="UTF-8"?>
<!-- Generated by org.testng.reporters.JUnitReportReporter -->
<testsuite skipped="4" hostname="DESKTOP-8HHAR7I" name="com.training.functional.tests.CyclosTests1" tests="5" failures="0" timestamp="23 Jan 2019 04:32:35 GMT" time="23.898" errors="0">
  <testcase name="cytc_005" time="23.898" classname="com.training.functional.tests.CyclosTests1"/>
  <testcase name="cytc_001" classname="com.training.functional.tests.CyclosTests1">
    <skipped/>
  </testcase> <!-- cytc_001 -->
  <testcase name="cytc_004" classname="com.training.functional.tests.CyclosTests1">
    <skipped/>
  </testcase> <!-- cytc_004 -->
  <testcase name="cytc_003" classname="com.training.functional.tests.CyclosTests1">
    <skipped/>
  </testcase> <!-- cytc_003 -->
  <testcase name="cytc_002" classname="com.training.functional.tests.CyclosTests1">
    <skipped/>
  </testcase> <!-- cytc_002 -->
</testsuite> <!-- com.training.functional.tests.CyclosTests1 -->
