<?xml version="1.0" encoding="UTF-8"?>
<!-- Generated by org.testng.reporters.JUnitReportReporter -->
<testsuite skipped="0" hostname="DESKTOP-8HHAR7I" name="com.training.functional.tests.addMemberFromExcel_Valid" tests="3" failures="0" timestamp="11 Feb 2019 11:18:32 GMT" time="102.400" errors="0">
  <testcase name="cytc_062" time="34.668" classname="com.training.functional.tests.addMemberFromExcel_Valid"/>
  <testcase name="cytc_062" time="33.862" classname="com.training.functional.tests.addMemberFromExcel_Valid"/>
  <testcase name="cytc_062" time="33.870" classname="com.training.functional.tests.addMemberFromExcel_Valid"/>
</testsuite> <!-- com.training.functional.tests.addMemberFromExcel_Valid -->
